<?xml version="1.0" encoding="UTF-8"?>
<!-- Generated by org.testng.reporters.JUnitXMLReporter -->
<testsuite hostname="Avin" name="Command line test dc9082bc-cfca-4b57-b2b8-348998f52e78" tests="3" failures="1" timestamp="7 Apr 2016 21:46:05 GMT" time="97.014" errors="0">
  <testcase name="test" time="68.202" classname="com.hp.test.framework.runner.Runallthetests"/>
  <testcase name="test" time="16.622" classname="com.hp.test.framework.runner.Runallthetests"/>
  <testcase name="test" time="12.1" classname="com.hp.test.framework.runner.Runallthetests">
    <failure type="org.apache.commons.jelly.JellyTagException" message="null:13:92: &amp;lt;sel:verifytext&amp;gt; Verify Text**zantaz.comExpectedtestjenkins.com">
      <![CDATA[org.apache.commons.jelly.JellyTagException: null:13:92: <sel:verifytext> Verify Text**zantaz.comExpectedtestjenkins.com
	at org.apache.commons.jelly.impl.TagScript.handleException(TagScript.java:690)
	at org.apache.commons.jelly.impl.TagScript.run(TagScript.java:267)
	at org.apache.commons.jelly.impl.ScriptBlock.run(ScriptBlock.java:95)
	at org.apache.commons.jelly.TagSupport.invokeBody(TagSupport.java:186)
	at org.apache.commons.jelly.tags.core.JellyTag.doTag(JellyTag.java:45)
	at org.apache.commons.jelly.impl.TagScript.run(TagScript.java:247)
	at org.apache.commons.jelly.JellyContext.runScript(JellyContext.java:704)
	at org.apache.commons.jelly.JellyContext.runScript(JellyContext.java:600)
	at com.hp.test.framework.runner.Runallthetests.test(Unknown Source)
	at com.hp.test.framework.runner.TestngSuite.runTestNGTest(Unknown Source)
	at com.hp.test.framework.runner.TestngSuite.main(Unknown Source)
	at org.apache.tools.ant.taskdefs.ExecuteJava.run(ExecuteJava.java:217)
	at org.apache.tools.ant.taskdefs.ExecuteJava.execute(ExecuteJava.java:152)
	at org.apache.tools.ant.taskdefs.Java.run(Java.java:771)
	at org.apache.tools.ant.taskdefs.Java.executeJava(Java.java:221)
	at org.apache.tools.ant.taskdefs.Java.executeJava(Java.java:135)
	at org.apache.tools.ant.taskdefs.Java.execute(Java.java:108)
	at org.apache.tools.ant.UnknownElement.execute(UnknownElement.java:292)
	at org.apache.tools.ant.dispatch.DispatchUtils.execute(DispatchUtils.java:106)
	at org.apache.tools.ant.Task.perform(Task.java:348)
	at org.apache.tools.ant.Target.execute(Target.java:435)
	at org.apache.tools.ant.Target.performTasks(Target.java:456)
	at org.apache.tools.ant.Project.executeSortedTargets(Project.java:1393)
	at org.apache.tools.ant.Project.executeTarget(Project.java:1364)
	at org.apache.tools.ant.helper.DefaultExecutor.executeTargets(DefaultExecutor.java:41)
	at org.apache.tools.ant.Project.executeTargets(Project.java:1248)
	at org.apache.tools.ant.Main.runBuild(Main.java:851)
	at org.apache.tools.ant.Main.startAnt(Main.java:235)
	at org.apache.tools.ant.launch.Launcher.run(Launcher.java:280)
	at org.apache.tools.ant.launch.Launcher.main(Launcher.java:109)
Caused by: java.lang.AssertionError: Verify Text**zantaz.comExpectedtestjenkins.com
	at com.hp.test.framework.jelly.VerifyTextTag.doTag(Unknown Source)
	at org.apache.commons.jelly.impl.TagScript.run(TagScript.java:247)
	... 57 more
Root cause
java.lang.AssertionError: Verify Text**zantaz.comExpectedtestjenkins.com
	at com.hp.test.framework.jelly.VerifyTextTag.doTag(Unknown Source)
	at org.apache.commons.jelly.impl.TagScript.run(TagScript.java:247)
	at org.apache.commons.jelly.impl.ScriptBlock.run(ScriptBlock.java:95)
	at org.apache.commons.jelly.TagSupport.invokeBody(TagSupport.java:186)
	at org.apache.commons.jelly.tags.core.JellyTag.doTag(JellyTag.java:45)
	at org.apache.commons.jelly.impl.TagScript.run(TagScript.java:247)
	at org.apache.commons.jelly.JellyContext.runScript(JellyContext.java:704)
	at org.apache.commons.jelly.JellyContext.runScript(JellyContext.java:600)
	at com.hp.test.framework.runner.Runallthetests.test(Unknown Source)
	at com.hp.test.framework.runner.TestngSuite.runTestNGTest(Unknown Source)
	at com.hp.test.framework.runner.TestngSuite.main(Unknown Source)
	at org.apache.tools.ant.taskdefs.ExecuteJava.run(ExecuteJava.java:217)
	at org.apache.tools.ant.taskdefs.ExecuteJava.execute(ExecuteJava.java:152)
	at org.apache.tools.ant.taskdefs.Java.run(Java.java:771)
	at org.apache.tools.ant.taskdefs.Java.executeJava(Java.java:221)
	at org.apache.tools.ant.taskdefs.Java.executeJava(Java.java:135)
	at org.apache.tools.ant.taskdefs.Java.execute(Java.java:108)
	at org.apache.tools.ant.UnknownElement.execute(UnknownElement.java:292)
	at org.apache.tools.ant.dispatch.DispatchUtils.execute(DispatchUtils.java:106)
	at org.apache.tools.ant.Task.perform(Task.java:348)
	at org.apache.tools.ant.Target.execute(Target.java:435)
	at org.apache.tools.ant.Target.performTasks(Target.java:456)
	at org.apache.tools.ant.Project.executeSortedTargets(Project.java:1393)
	at org.apache.tools.ant.Project.executeTarget(Project.java:1364)
	at org.apache.tools.ant.helper.DefaultExecutor.executeTargets(DefaultExecutor.java:41)
	at org.apache.tools.ant.Project.executeTargets(Project.java:1248)
	at org.apache.tools.ant.Main.runBuild(Main.java:851)
	at org.apache.tools.ant.Main.startAnt(Main.java:235)
	at org.apache.tools.ant.launch.Launcher.run(Launcher.java:280)
	at org.apache.tools.ant.launch.Launcher.main(Launcher.java:109)
... Removed 60 stack frames]]>
    </failure>
  </testcase> <!-- test -->
</testsuite> <!-- Command line test dc9082bc-cfca-4b57-b2b8-348998f52e78 -->
